[debug] [2020-07-29T19:08:40.351Z] ----------------------------------------------------------------------
[debug] [2020-07-29T19:08:40.353Z] Command:       /usr/local/Cellar/node/14.5.0/bin/node /usr/local/bin/firebase serve --only hosting
[debug] [2020-07-29T19:08:40.353Z] CLI Version:   8.6.0
[debug] [2020-07-29T19:08:40.353Z] Platform:      darwin
[debug] [2020-07-29T19:08:40.353Z] Node Version:  v14.5.0
[debug] [2020-07-29T19:08:40.354Z] Time:          Wed Jul 29 2020 12:08:40 GMT-0700 (Pacific Daylight Time)
[debug] [2020-07-29T19:08:40.354Z] ----------------------------------------------------------------------
[debug] [2020-07-29T19:08:40.354Z] 
[debug] [2020-07-29T19:08:40.361Z] > command requires scopes: ["email","openid","https://www.googleapis.com/auth/cloudplatformprojects.readonly","https://www.googleapis.com/auth/firebase","https://www.googleapis.com/auth/cloud-platform"]
[debug] [2020-07-29T19:08:40.361Z] > authorizing via signed-in user
[debug] [2020-07-29T19:08:40.361Z] [iam] checking project brandanchat for permissions ["firebase.projects.get"]
[debug] [2020-07-29T19:08:40.363Z] >>> HTTP REQUEST POST https://cloudresourcemanager.googleapis.com/v1/projects/brandanchat:testIamPermissions  
 {"permissions":["firebase.projects.get"]}
[debug] [2020-07-29T19:08:40.724Z] <<< HTTP RESPONSE 200 {"content-type":"application/json; charset=UTF-8","vary":"X-Origin, Referer, Origin,Accept-Encoding","date":"Wed, 29 Jul 2020 19:08:40 GMT","server":"ESF","cache-control":"private","x-xss-protection":"0","x-frame-options":"SAMEORIGIN","x-content-type-options":"nosniff","server-timing":"gfet4t7; dur=81","alt-svc":"h3-29=\":443\"; ma=2592000,h3-27=\":443\"; ma=2592000,h3-T050=\":443\"; ma=2592000,h3-Q050=\":443\"; ma=2592000,h3-Q046=\":443\"; ma=2592000,h3-Q043=\":443\"; ma=2592000,quic=\":443\"; ma=2592000; v=\"46,43\"","accept-ranges":"none","transfer-encoding":"chunked"}
[debug] [2020-07-29T19:08:40.725Z] >>> HTTP REQUEST GET https://firebase.googleapis.com/v1beta1/projects/brandanchat  
 
[debug] [2020-07-29T19:08:41.063Z] <<< HTTP RESPONSE 200 {"content-type":"application/json; charset=UTF-8","vary":"X-Origin, Referer, Origin,Accept-Encoding","date":"Wed, 29 Jul 2020 19:08:41 GMT","server":"ESF","cache-control":"private","x-xss-protection":"0","x-frame-options":"SAMEORIGIN","x-content-type-options":"nosniff","alt-svc":"h3-29=\":443\"; ma=2592000,h3-27=\":443\"; ma=2592000,h3-T050=\":443\"; ma=2592000,h3-Q050=\":443\"; ma=2592000,h3-Q046=\":443\"; ma=2592000,h3-Q043=\":443\"; ma=2592000,quic=\":443\"; ma=2592000; v=\"46,43\"","accept-ranges":"none","transfer-encoding":"chunked"}
[debug] [2020-07-29T19:08:41.065Z] >>> HTTP REQUEST GET https://firebase.googleapis.com/v1beta1/projects/brandanchat/webApps/-/config  
 
[debug] [2020-07-29T19:08:41.433Z] <<< HTTP RESPONSE 200 {"content-type":"application/json; charset=UTF-8","vary":"X-Origin, Referer, Origin,Accept-Encoding","date":"Wed, 29 Jul 2020 19:08:41 GMT","server":"ESF","cache-control":"private","x-xss-protection":"0","x-frame-options":"SAMEORIGIN","x-content-type-options":"nosniff","alt-svc":"h3-29=\":443\"; ma=2592000,h3-27=\":443\"; ma=2592000,h3-T050=\":443\"; ma=2592000,h3-Q050=\":443\"; ma=2592000,h3-Q046=\":443\"; ma=2592000,h3-Q043=\":443\"; ma=2592000,quic=\":443\"; ma=2592000; v=\"46,43\"","accept-ranges":"none","transfer-encoding":"chunked"}
[info] i  hosting: Serving hosting files from: ./public {"metadata":{"emulator":{"name":"hosting"},"message":"Serving hosting files from: \u001b[1m./public\u001b[22m"}}
[info] ✔  hosting: Local server: http://localhost:5000 {"metadata":{"emulator":{"name":"hosting"},"message":"Local server: \u001b[4m\u001b[1mhttp://localhost:5000\u001b[22m\u001b[24m"}}
